14:38:07.907 [background-preinit] INFO  o.h.v.i.util.Version - [<clinit>,21] - HV000001: Hibernate Validator 6.2.3.Final
14:38:07.916 [main] INFO  c.o.c.CampusApplication - [logStarting,55] - Starting CampusApplication using Java 1.8.0_321 on LAPTOP-9U49TV7E with PID 30108 (D:\software-coordinate02\campus-example\campus-modular\target\classes started by zq in D:\software-coordinate02)
14:38:07.916 [main] INFO  c.o.c.CampusApplication - [logStartupProfileInfo,686] - The following 1 profile is active: "dev"
14:38:09.522 [main] INFO  o.a.c.h.Http11NioProtocol - [log,173] - Initializing ProtocolHandler ["http-nio-8160"]
14:38:09.523 [main] INFO  o.a.c.c.StandardService - [log,173] - Starting service [Tomcat]
14:38:09.523 [main] INFO  o.a.c.c.StandardEngine - [log,173] - Starting Servlet engine: [Apache Tomcat/9.0.63]
14:38:09.665 [main] INFO  o.a.c.c.C.[.[.[/] - [log,173] - Initializing Spring embedded WebApplicationContext
14:38:11.963 [main] INFO  c.z.h.HikariDataSource - [getConnection,110] - HikariPool-1 - Starting...
14:38:12.848 [main] INFO  c.z.h.HikariDataSource - [getConnection,123] - HikariPool-1 - Start completed.
14:38:16.501 [main] INFO  o.a.c.h.Http11NioProtocol - [log,173] - Starting ProtocolHandler ["http-nio-8160"]
14:38:16.574 [main] INFO  c.o.c.CampusApplication - [logStarted,61] - Started CampusApplication in 8.998 seconds (JVM running for 10.465)
14:39:14.469 [http-nio-8160-exec-2] INFO  o.a.c.c.C.[.[.[/] - [log,173] - Initializing Spring DispatcherServlet 'dispatcherServlet'
14:40:45.819 [schedule-pool-12] INFO  sys-user - [run,54] - [127.0.0.1]内网IP[2235062322][1902229019500953601][Success][登录成功]
14:51:59.086 [SpringApplicationShutdownHook] INFO  c.z.h.HikariDataSource - [close,350] - HikariPool-1 - Shutdown initiated...
14:51:59.099 [SpringApplicationShutdownHook] INFO  c.z.h.HikariDataSource - [close,352] - HikariPool-1 - Shutdown completed.
14:52:59.194 [main] INFO  c.o.c.CampusApplication - [logStarting,55] - Starting CampusApplication using Java 1.8.0_321 on LAPTOP-9U49TV7E with PID 24168 (D:\software-coordinate02\campus-example\campus-modular\target\classes started by zq in D:\software-coordinate02)
14:52:59.192 [background-preinit] INFO  o.h.v.i.util.Version - [<clinit>,21] - HV000001: Hibernate Validator 6.2.3.Final
14:52:59.196 [main] INFO  c.o.c.CampusApplication - [logStartupProfileInfo,686] - The following 1 profile is active: "dev"
14:53:00.593 [main] INFO  o.a.c.h.Http11NioProtocol - [log,173] - Initializing ProtocolHandler ["http-nio-8160"]
14:53:00.593 [main] INFO  o.a.c.c.StandardService - [log,173] - Starting service [Tomcat]
14:53:00.593 [main] INFO  o.a.c.c.StandardEngine - [log,173] - Starting Servlet engine: [Apache Tomcat/9.0.63]
14:53:00.722 [main] INFO  o.a.c.c.C.[.[.[/] - [log,173] - Initializing Spring embedded WebApplicationContext
14:53:02.843 [main] INFO  c.z.h.HikariDataSource - [getConnection,110] - HikariPool-1 - Starting...
14:53:03.575 [main] INFO  c.z.h.HikariDataSource - [getConnection,123] - HikariPool-1 - Start completed.
14:53:06.223 [main] INFO  o.a.c.h.Http11NioProtocol - [log,173] - Starting ProtocolHandler ["http-nio-8160"]
14:53:06.274 [main] INFO  c.o.c.CampusApplication - [logStarted,61] - Started CampusApplication in 7.38 seconds (JVM running for 8.483)
20:48:12.151 [background-preinit] INFO  o.h.v.i.util.Version - [<clinit>,21] - HV000001: Hibernate Validator 6.2.3.Final
20:48:12.163 [main] INFO  c.o.c.CampusApplication - [logStarting,55] - Starting CampusApplication using Java 1.8.0_321 on LAPTOP-9U49TV7E with PID 8792 (D:\software-coordinate02\campus-example\campus-modular\target\classes started by zq in D:\software-coordinate02)
20:48:12.163 [main] INFO  c.o.c.CampusApplication - [logStartupProfileInfo,686] - The following 1 profile is active: "dev"
20:48:14.339 [main] INFO  o.a.c.h.Http11NioProtocol - [log,173] - Initializing ProtocolHandler ["http-nio-8160"]
20:48:14.339 [main] INFO  o.a.c.c.StandardService - [log,173] - Starting service [Tomcat]
20:48:14.339 [main] INFO  o.a.c.c.StandardEngine - [log,173] - Starting Servlet engine: [Apache Tomcat/9.0.63]
20:48:14.489 [main] INFO  o.a.c.c.C.[.[.[/] - [log,173] - Initializing Spring embedded WebApplicationContext
20:48:17.003 [main] INFO  c.z.h.HikariDataSource - [getConnection,110] - HikariPool-1 - Starting...
20:48:17.843 [main] INFO  c.z.h.HikariDataSource - [getConnection,123] - HikariPool-1 - Start completed.
20:48:20.683 [main] INFO  o.a.c.h.Http11NioProtocol - [log,173] - Starting ProtocolHandler ["http-nio-8160"]
20:48:20.739 [main] INFO  c.o.c.CampusApplication - [logStarted,61] - Started CampusApplication in 8.92 seconds (JVM running for 10.07)
20:50:37.042 [http-nio-8160-exec-5] INFO  o.a.c.c.C.[.[.[/] - [log,173] - Initializing Spring DispatcherServlet 'dispatcherServlet'
22:23:27.948 [SpringApplicationShutdownHook] INFO  c.z.h.HikariDataSource - [close,350] - HikariPool-1 - Shutdown initiated...
22:23:27.956 [SpringApplicationShutdownHook] INFO  c.z.h.HikariDataSource - [close,352] - HikariPool-1 - Shutdown completed.
