14:37:46.238 [background-preinit] INFO  o.h.v.i.util.Version - [<clinit>,21] - HV000001: Hibernate Validator 6.2.3.Final
14:37:46.244 [main] INFO  c.o.c.CampusApplication - [logStarting,55] - Starting CampusApplication using Java 1.8.0_321 on LAPTOP-9U49TV7E with PID 3456 (D:\software-coordinate02\campus-example\campus-modular\target\classes started by zq in D:\software-coordinate02)
14:37:46.245 [main] INFO  c.o.c.CampusApplication - [logStartupProfileInfo,686] - The following 1 profile is active: "dev"
14:37:49.474 [main] INFO  o.a.c.h.Http11NioProtocol - [log,173] - Initializing ProtocolHandler ["http-nio-8160"]
14:37:49.475 [main] INFO  o.a.c.c.StandardService - [log,173] - Starting service [Tomcat]
14:37:49.475 [main] INFO  o.a.c.c.StandardEngine - [log,173] - Starting Servlet engine: [Apache Tomcat/9.0.63]
14:37:49.781 [main] INFO  o.a.c.c.C.[.[.[/] - [log,173] - Initializing Spring embedded WebApplicationContext
14:37:53.293 [main] INFO  c.z.h.HikariDataSource - [getConnection,110] - HikariPool-1 - Starting...
14:37:54.518 [main] INFO  c.z.h.HikariDataSource - [getConnection,123] - HikariPool-1 - Start completed.
14:37:58.895 [main] INFO  o.a.c.h.Http11NioProtocol - [log,173] - Starting ProtocolHandler ["http-nio-8160"]
14:37:58.995 [main] INFO  c.o.c.CampusApplication - [logStarted,61] - Started CampusApplication in 13.303 seconds (JVM running for 15.364)
14:38:54.817 [http-nio-8160-exec-6] INFO  o.a.c.c.C.[.[.[/] - [log,173] - Initializing Spring DispatcherServlet 'dispatcherServlet'
14:39:04.420 [schedule-pool-3] INFO  sys-user - [run,54] - [127.0.0.1]内网IP[2235062322][1902229019500953601][Success][登录成功]
15:01:07.617 [SpringApplicationShutdownHook] INFO  c.z.h.HikariDataSource - [close,350] - HikariPool-1 - Shutdown initiated...
15:01:07.632 [SpringApplicationShutdownHook] INFO  c.z.h.HikariDataSource - [close,352] - HikariPool-1 - Shutdown completed.
15:02:55.030 [main] INFO  c.o.c.CampusApplication - [logStarting,55] - Starting CampusApplication using Java 1.8.0_321 on LAPTOP-9U49TV7E with PID 19948 (D:\software-coordinate02\campus-example\campus-modular\target\classes started by zq in D:\software-coordinate02)
15:02:55.026 [background-preinit] INFO  o.h.v.i.util.Version - [<clinit>,21] - HV000001: Hibernate Validator 6.2.3.Final
15:02:55.034 [main] INFO  c.o.c.CampusApplication - [logStartupProfileInfo,686] - The following 1 profile is active: "dev"
15:02:57.798 [main] INFO  o.a.c.h.Http11NioProtocol - [log,173] - Initializing ProtocolHandler ["http-nio-8160"]
15:02:57.799 [main] INFO  o.a.c.c.StandardService - [log,173] - Starting service [Tomcat]
15:02:57.799 [main] INFO  o.a.c.c.StandardEngine - [log,173] - Starting Servlet engine: [Apache Tomcat/9.0.63]
15:02:58.038 [main] INFO  o.a.c.c.C.[.[.[/] - [log,173] - Initializing Spring embedded WebApplicationContext
15:03:04.421 [main] INFO  c.z.h.HikariDataSource - [getConnection,110] - HikariPool-1 - Starting...
15:03:05.832 [main] INFO  c.z.h.HikariDataSource - [getConnection,123] - HikariPool-1 - Start completed.
15:03:10.411 [main] INFO  o.a.c.h.Http11NioProtocol - [log,173] - Starting ProtocolHandler ["http-nio-8160"]
15:03:10.516 [main] INFO  c.o.c.CampusApplication - [logStarted,61] - Started CampusApplication in 16.045 seconds (JVM running for 18.322)
15:03:22.033 [http-nio-8160-exec-5] INFO  o.a.c.c.C.[.[.[/] - [log,173] - Initializing Spring DispatcherServlet 'dispatcherServlet'
15:26:51.929 [SpringApplicationShutdownHook] INFO  c.z.h.HikariDataSource - [close,350] - HikariPool-1 - Shutdown initiated...
15:26:51.980 [SpringApplicationShutdownHook] INFO  c.z.h.HikariDataSource - [close,352] - HikariPool-1 - Shutdown completed.
15:27:11.373 [background-preinit] INFO  o.h.v.i.util.Version - [<clinit>,21] - HV000001: Hibernate Validator 6.2.3.Final
15:27:11.384 [main] INFO  c.o.c.CampusApplication - [logStarting,55] - Starting CampusApplication using Java 1.8.0_321 on LAPTOP-9U49TV7E with PID 35748 (D:\software-coordinate02\campus-example\campus-modular\target\classes started by zq in D:\software-coordinate02)
15:27:11.385 [main] INFO  c.o.c.CampusApplication - [logStartupProfileInfo,686] - The following 1 profile is active: "dev"
15:27:14.316 [main] INFO  o.a.c.h.Http11NioProtocol - [log,173] - Initializing ProtocolHandler ["http-nio-8160"]
15:27:14.317 [main] INFO  o.a.c.c.StandardService - [log,173] - Starting service [Tomcat]
15:27:14.317 [main] INFO  o.a.c.c.StandardEngine - [log,173] - Starting Servlet engine: [Apache Tomcat/9.0.63]
15:27:14.547 [main] INFO  o.a.c.c.C.[.[.[/] - [log,173] - Initializing Spring embedded WebApplicationContext
15:27:24.019 [main] INFO  c.z.h.HikariDataSource - [getConnection,110] - HikariPool-1 - Starting...
15:27:25.927 [main] INFO  c.z.h.HikariDataSource - [getConnection,123] - HikariPool-1 - Start completed.
15:27:30.554 [main] INFO  o.a.c.h.Http11NioProtocol - [log,173] - Starting ProtocolHandler ["http-nio-8160"]
15:27:30.672 [main] INFO  c.o.c.CampusApplication - [logStarted,61] - Started CampusApplication in 19.911 seconds (JVM running for 22.336)
15:27:36.663 [http-nio-8160-exec-2] INFO  o.a.c.c.C.[.[.[/] - [log,173] - Initializing Spring DispatcherServlet 'dispatcherServlet'
15:36:39.498 [SpringApplicationShutdownHook] INFO  c.z.h.HikariDataSource - [close,350] - HikariPool-1 - Shutdown initiated...
15:36:39.516 [SpringApplicationShutdownHook] INFO  c.z.h.HikariDataSource - [close,352] - HikariPool-1 - Shutdown completed.
15:37:10.572 [background-preinit] INFO  o.h.v.i.util.Version - [<clinit>,21] - HV000001: Hibernate Validator 6.2.3.Final
15:37:10.579 [main] INFO  c.o.c.CampusApplication - [logStarting,55] - Starting CampusApplication using Java 1.8.0_321 on LAPTOP-9U49TV7E with PID 17308 (D:\software-coordinate02\campus-example\campus-modular\target\classes started by zq in D:\software-coordinate02)
15:37:10.580 [main] INFO  c.o.c.CampusApplication - [logStartupProfileInfo,686] - The following 1 profile is active: "dev"
15:37:12.931 [background-preinit] INFO  o.h.v.i.util.Version - [<clinit>,21] - HV000001: Hibernate Validator 6.2.3.Final
15:37:12.941 [main] INFO  c.o.c.CampusApplication - [logStarting,55] - Starting CampusApplication using Java 1.8.0_321 on LAPTOP-9U49TV7E with PID 4224 (D:\software-coordinate02\campus-example\campus-modular\target\classes started by zq in D:\software-coordinate02)
15:37:12.942 [main] INFO  c.o.c.CampusApplication - [logStartupProfileInfo,686] - The following 1 profile is active: "dev"
15:37:13.282 [main] INFO  o.a.c.h.Http11NioProtocol - [log,173] - Initializing ProtocolHandler ["http-nio-8160"]
15:37:13.283 [main] INFO  o.a.c.c.StandardService - [log,173] - Starting service [Tomcat]
15:37:13.283 [main] INFO  o.a.c.c.StandardEngine - [log,173] - Starting Servlet engine: [Apache Tomcat/9.0.63]
15:37:13.513 [main] INFO  o.a.c.c.C.[.[.[/] - [log,173] - Initializing Spring embedded WebApplicationContext
15:37:15.727 [main] INFO  o.a.c.h.Http11NioProtocol - [log,173] - Initializing ProtocolHandler ["http-nio-8160"]
15:37:15.728 [main] INFO  o.a.c.c.StandardService - [log,173] - Starting service [Tomcat]
15:37:15.728 [main] INFO  o.a.c.c.StandardEngine - [log,173] - Starting Servlet engine: [Apache Tomcat/9.0.63]
15:37:15.924 [main] INFO  o.a.c.c.C.[.[.[/] - [log,173] - Initializing Spring embedded WebApplicationContext
15:37:19.961 [main] INFO  c.z.h.HikariDataSource - [getConnection,110] - HikariPool-1 - Starting...
15:37:21.469 [main] INFO  c.z.h.HikariDataSource - [getConnection,123] - HikariPool-1 - Start completed.
15:37:22.342 [main] INFO  c.z.h.HikariDataSource - [getConnection,110] - HikariPool-1 - Starting...
15:37:23.902 [main] INFO  c.z.h.HikariDataSource - [getConnection,123] - HikariPool-1 - Start completed.
15:37:26.340 [main] INFO  o.a.c.h.Http11NioProtocol - [log,173] - Starting ProtocolHandler ["http-nio-8160"]
15:37:26.478 [main] INFO  c.o.c.CampusApplication - [logStarted,61] - Started CampusApplication in 16.547 seconds (JVM running for 18.717)
15:37:27.524 [http-nio-8160-exec-1] INFO  o.a.c.c.C.[.[.[/] - [log,173] - Initializing Spring DispatcherServlet 'dispatcherServlet'
15:37:28.778 [main] INFO  o.a.c.h.Http11NioProtocol - [log,173] - Starting ProtocolHandler ["http-nio-8160"]
15:37:28.800 [main] INFO  c.z.h.HikariDataSource - [close,350] - HikariPool-1 - Shutdown initiated...
15:37:28.819 [main] INFO  c.z.h.HikariDataSource - [close,352] - HikariPool-1 - Shutdown completed.
15:37:29.058 [main] INFO  o.a.c.h.Http11NioProtocol - [log,173] - Pausing ProtocolHandler ["http-nio-8160"]
15:37:29.058 [main] INFO  o.a.c.c.StandardService - [log,173] - Stopping service [Tomcat]
15:37:29.063 [main] INFO  o.a.c.h.Http11NioProtocol - [log,173] - Stopping ProtocolHandler ["http-nio-8160"]
15:37:29.064 [main] INFO  o.a.c.h.Http11NioProtocol - [log,173] - Destroying ProtocolHandler ["http-nio-8160"]
15:37:37.331 [SpringApplicationShutdownHook] INFO  c.z.h.HikariDataSource - [close,350] - HikariPool-1 - Shutdown initiated...
15:37:37.348 [SpringApplicationShutdownHook] INFO  c.z.h.HikariDataSource - [close,352] - HikariPool-1 - Shutdown completed.
15:37:44.271 [background-preinit] INFO  o.h.v.i.util.Version - [<clinit>,21] - HV000001: Hibernate Validator 6.2.3.Final
15:37:44.279 [main] INFO  c.o.c.CampusApplication - [logStarting,55] - Starting CampusApplication using Java 1.8.0_321 on LAPTOP-9U49TV7E with PID 21620 (D:\software-coordinate02\campus-example\campus-modular\target\classes started by zq in D:\software-coordinate02)
15:37:44.280 [main] INFO  c.o.c.CampusApplication - [logStartupProfileInfo,686] - The following 1 profile is active: "dev"
15:37:46.623 [main] INFO  o.a.c.h.Http11NioProtocol - [log,173] - Initializing ProtocolHandler ["http-nio-8160"]
15:37:46.624 [main] INFO  o.a.c.c.StandardService - [log,173] - Starting service [Tomcat]
15:37:46.624 [main] INFO  o.a.c.c.StandardEngine - [log,173] - Starting Servlet engine: [Apache Tomcat/9.0.63]
15:37:46.791 [main] INFO  o.a.c.c.C.[.[.[/] - [log,173] - Initializing Spring embedded WebApplicationContext
15:37:52.407 [main] INFO  c.z.h.HikariDataSource - [getConnection,110] - HikariPool-1 - Starting...
15:37:53.679 [main] INFO  c.z.h.HikariDataSource - [getConnection,123] - HikariPool-1 - Start completed.
15:37:57.754 [main] INFO  o.a.c.h.Http11NioProtocol - [log,173] - Starting ProtocolHandler ["http-nio-8160"]
15:37:57.858 [main] INFO  c.o.c.CampusApplication - [logStarted,61] - Started CampusApplication in 14.038 seconds (JVM running for 16.03)
15:38:05.896 [http-nio-8160-exec-1] INFO  o.a.c.c.C.[.[.[/] - [log,173] - Initializing Spring DispatcherServlet 'dispatcherServlet'
16:57:02.011 [SpringApplicationShutdownHook] INFO  c.z.h.HikariDataSource - [close,350] - HikariPool-1 - Shutdown initiated...
16:57:02.043 [SpringApplicationShutdownHook] INFO  c.z.h.HikariDataSource - [close,352] - HikariPool-1 - Shutdown completed.
16:58:04.369 [background-preinit] INFO  o.h.v.i.util.Version - [<clinit>,21] - HV000001: Hibernate Validator 6.2.3.Final
16:58:04.372 [main] INFO  c.o.c.CampusApplication - [logStarting,55] - Starting CampusApplication using Java 1.8.0_321 on LAPTOP-9U49TV7E with PID 6952 (D:\software-coordinate02\campus-example\campus-modular\target\classes started by zq in D:\software-coordinate02)
16:58:04.373 [main] INFO  c.o.c.CampusApplication - [logStartupProfileInfo,686] - The following 1 profile is active: "dev"
16:58:05.782 [main] INFO  o.a.c.h.Http11NioProtocol - [log,173] - Initializing ProtocolHandler ["http-nio-8160"]
16:58:05.782 [main] INFO  o.a.c.c.StandardService - [log,173] - Starting service [Tomcat]
16:58:05.782 [main] INFO  o.a.c.c.StandardEngine - [log,173] - Starting Servlet engine: [Apache Tomcat/9.0.63]
16:58:05.903 [main] INFO  o.a.c.c.C.[.[.[/] - [log,173] - Initializing Spring embedded WebApplicationContext
16:58:09.127 [main] INFO  c.z.h.HikariDataSource - [getConnection,110] - HikariPool-1 - Starting...
16:58:09.913 [main] INFO  c.z.h.HikariDataSource - [getConnection,123] - HikariPool-1 - Start completed.
16:58:12.042 [main] INFO  o.a.c.h.Http11NioProtocol - [log,173] - Starting ProtocolHandler ["http-nio-8160"]
16:58:12.096 [main] INFO  c.o.c.CampusApplication - [logStarted,61] - Started CampusApplication in 8.02 seconds (JVM running for 9.167)
16:58:37.847 [http-nio-8160-exec-1] INFO  o.a.c.c.C.[.[.[/] - [log,173] - Initializing Spring DispatcherServlet 'dispatcherServlet'
19:45:57.379 [SpringApplicationShutdownHook] INFO  c.z.h.HikariDataSource - [close,350] - HikariPool-1 - Shutdown initiated...
19:45:57.379 [SpringApplicationShutdownHook] INFO  c.z.h.HikariDataSource - [close,352] - HikariPool-1 - Shutdown completed.
