00:29:46.555 [SpringApplicationShutdownHook] INFO  c.z.h.HikariDataSource - [close,350] - HikariPool-1 - Shutdown initiated...
00:29:46.574 [SpringApplicationShutdownHook] INFO  c.z.h.HikariDataSource - [close,352] - HikariPool-1 - Shutdown completed.
19:52:52.333 [background-preinit] INFO  o.h.v.i.util.Version - [<clinit>,21] - HV000001: Hibernate Validator 6.2.3.Final
19:52:52.341 [main] INFO  c.o.c.CampusApplication - [logStarting,55] - Starting CampusApplication using Java 1.8.0_321 on LAPTOP-9U49TV7E with PID 29412 (D:\software-coordinate02\campus-example\campus-modular\target\classes started by zq in D:\software-coordinate02)
19:52:52.341 [main] INFO  c.o.c.CampusApplication - [logStartupProfileInfo,686] - The following 1 profile is active: "dev"
19:52:53.898 [main] INFO  o.a.c.h.Http11NioProtocol - [log,173] - Initializing ProtocolHandler ["http-nio-8160"]
19:52:53.899 [main] INFO  o.a.c.c.StandardService - [log,173] - Starting service [Tomcat]
19:52:53.899 [main] INFO  o.a.c.c.StandardEngine - [log,173] - Starting Servlet engine: [Apache Tomcat/9.0.63]
19:52:54.056 [main] INFO  o.a.c.c.C.[.[.[/] - [log,173] - Initializing Spring embedded WebApplicationContext
19:52:56.472 [main] INFO  c.z.h.HikariDataSource - [getConnection,110] - HikariPool-1 - Starting...
19:52:57.371 [main] INFO  c.z.h.HikariDataSource - [getConnection,123] - HikariPool-1 - Start completed.
19:53:00.700 [main] INFO  o.a.c.h.Http11NioProtocol - [log,173] - Starting ProtocolHandler ["http-nio-8160"]
19:53:00.795 [main] INFO  c.o.c.CampusApplication - [logStarted,61] - Started CampusApplication in 8.836 seconds (JVM running for 10.404)
19:53:14.854 [http-nio-8160-exec-1] INFO  o.a.c.c.C.[.[.[/] - [log,173] - Initializing Spring DispatcherServlet 'dispatcherServlet'
19:53:23.862 [schedule-pool-6] INFO  sys-user - [run,54] - [127.0.0.1]内网IP[2235062322][1902229019500953601][Success][登录成功]
22:28:44.568 [SpringApplicationShutdownHook] INFO  c.z.h.HikariDataSource - [close,350] - HikariPool-1 - Shutdown initiated...
22:28:44.588 [SpringApplicationShutdownHook] INFO  c.z.h.HikariDataSource - [close,352] - HikariPool-1 - Shutdown completed.
22:30:57.935 [background-preinit] INFO  o.h.v.i.util.Version - [<clinit>,21] - HV000001: Hibernate Validator 6.2.3.Final
22:30:57.942 [main] INFO  c.o.c.CampusApplication - [logStarting,55] - Starting CampusApplication using Java 1.8.0_321 on LAPTOP-9U49TV7E with PID 33544 (D:\software-coordinate02\campus-example\campus-modular\target\classes started by zq in D:\software-coordinate02)
22:30:57.942 [main] INFO  c.o.c.CampusApplication - [logStartupProfileInfo,686] - The following 1 profile is active: "dev"
22:30:59.430 [main] INFO  o.a.c.h.Http11NioProtocol - [log,173] - Initializing ProtocolHandler ["http-nio-8160"]
22:30:59.430 [main] INFO  o.a.c.c.StandardService - [log,173] - Starting service [Tomcat]
22:30:59.430 [main] INFO  o.a.c.c.StandardEngine - [log,173] - Starting Servlet engine: [Apache Tomcat/9.0.63]
22:30:59.558 [main] INFO  o.a.c.c.C.[.[.[/] - [log,173] - Initializing Spring embedded WebApplicationContext
22:31:01.769 [main] INFO  c.z.h.HikariDataSource - [getConnection,110] - HikariPool-1 - Starting...
22:31:02.555 [main] INFO  c.z.h.HikariDataSource - [getConnection,123] - HikariPool-1 - Start completed.
22:31:05.329 [main] INFO  o.a.c.h.Http11NioProtocol - [log,173] - Starting ProtocolHandler ["http-nio-8160"]
22:31:05.388 [main] INFO  c.o.c.CampusApplication - [logStarted,61] - Started CampusApplication in 7.744 seconds (JVM running for 8.946)
22:31:31.288 [http-nio-8160-exec-2] INFO  o.a.c.c.C.[.[.[/] - [log,173] - Initializing Spring DispatcherServlet 'dispatcherServlet'
