00:24:00.581 [SpringApplicationShutdownHook] INFO  c.z.h.HikariDataSource - [close,350] - HikariPool-1 - Shutdown initiated...
00:24:00.603 [SpringApplicationShutdownHook] INFO  c.z.h.HikariDataSource - [close,352] - HikariPool-1 - Shutdown completed.
09:54:58.788 [background-preinit] INFO  o.h.v.i.util.Version - [<clinit>,21] - HV000001: Hibernate Validator 6.2.3.Final
09:54:58.802 [main] INFO  c.o.c.CampusApplication - [logStarting,55] - Starting CampusApplication using Java 1.8.0_321 on LAPTOP-9U49TV7E with PID 29792 (D:\software-coordinate02\campus-example\campus-modular\target\classes started by zq in D:\software-coordinate02)
09:54:58.803 [main] INFO  c.o.c.CampusApplication - [logStartupProfileInfo,686] - The following 1 profile is active: "dev"
09:55:01.745 [main] INFO  o.a.c.h.Http11NioProtocol - [log,173] - Initializing ProtocolHandler ["http-nio-8160"]
09:55:01.746 [main] INFO  o.a.c.c.StandardService - [log,173] - Starting service [Tomcat]
09:55:01.747 [main] INFO  o.a.c.c.StandardEngine - [log,173] - Starting Servlet engine: [Apache Tomcat/9.0.63]
09:55:01.996 [main] INFO  o.a.c.c.C.[.[.[/] - [log,173] - Initializing Spring embedded WebApplicationContext
09:55:05.641 [main] INFO  c.z.h.HikariDataSource - [getConnection,110] - HikariPool-1 - Starting...
09:55:06.898 [main] INFO  c.z.h.HikariDataSource - [getConnection,123] - HikariPool-1 - Start completed.
09:55:12.361 [main] INFO  o.a.c.h.Http11NioProtocol - [log,173] - Starting ProtocolHandler ["http-nio-8160"]
09:55:12.506 [main] INFO  c.o.c.CampusApplication - [logStarted,61] - Started CampusApplication in 14.276 seconds (JVM running for 16.034)
09:55:17.023 [http-nio-8160-exec-5] INFO  o.a.c.c.C.[.[.[/] - [log,173] - Initializing Spring DispatcherServlet 'dispatcherServlet'
09:55:26.243 [schedule-pool-2] INFO  sys-user - [run,54] - [127.0.0.1]内网IP[2235062322][1902229019500953601][Success][登录成功]
10:15:35.941 [SpringApplicationShutdownHook] INFO  c.z.h.HikariDataSource - [close,350] - HikariPool-1 - Shutdown initiated...
10:15:35.957 [SpringApplicationShutdownHook] INFO  c.z.h.HikariDataSource - [close,352] - HikariPool-1 - Shutdown completed.
10:15:46.149 [background-preinit] INFO  o.h.v.i.util.Version - [<clinit>,21] - HV000001: Hibernate Validator 6.2.3.Final
10:15:46.163 [main] INFO  c.o.c.CampusApplication - [logStarting,55] - Starting CampusApplication using Java 1.8.0_321 on LAPTOP-9U49TV7E with PID 12848 (D:\software-coordinate02\campus-example\campus-modular\target\classes started by zq in D:\software-coordinate02)
10:15:46.165 [main] INFO  c.o.c.CampusApplication - [logStartupProfileInfo,686] - The following 1 profile is active: "dev"
10:15:48.439 [main] INFO  o.a.c.h.Http11NioProtocol - [log,173] - Initializing ProtocolHandler ["http-nio-8160"]
10:15:48.455 [main] INFO  o.a.c.c.StandardService - [log,173] - Starting service [Tomcat]
10:15:48.455 [main] INFO  o.a.c.c.StandardEngine - [log,173] - Starting Servlet engine: [Apache Tomcat/9.0.63]
10:15:48.630 [main] INFO  o.a.c.c.C.[.[.[/] - [log,173] - Initializing Spring embedded WebApplicationContext
10:15:52.453 [main] INFO  c.z.h.HikariDataSource - [getConnection,110] - HikariPool-1 - Starting...
10:15:53.821 [main] INFO  c.z.h.HikariDataSource - [getConnection,123] - HikariPool-1 - Start completed.
10:15:59.059 [main] INFO  o.a.c.h.Http11NioProtocol - [log,173] - Starting ProtocolHandler ["http-nio-8160"]
10:15:59.185 [http-nio-8160-exec-1] INFO  o.a.c.c.C.[.[.[/] - [log,173] - Initializing Spring DispatcherServlet 'dispatcherServlet'
10:15:59.185 [main] INFO  c.o.c.CampusApplication - [logStarted,61] - Started CampusApplication in 13.511 seconds (JVM running for 15.463)
10:31:56.587 [SpringApplicationShutdownHook] INFO  c.z.h.HikariDataSource - [close,350] - HikariPool-1 - Shutdown initiated...
10:31:56.601 [SpringApplicationShutdownHook] INFO  c.z.h.HikariDataSource - [close,352] - HikariPool-1 - Shutdown completed.
10:32:04.321 [background-preinit] INFO  o.h.v.i.util.Version - [<clinit>,21] - HV000001: Hibernate Validator 6.2.3.Final
10:32:04.330 [main] INFO  c.o.c.CampusApplication - [logStarting,55] - Starting CampusApplication using Java 1.8.0_321 on LAPTOP-9U49TV7E with PID 32724 (D:\software-coordinate02\campus-example\campus-modular\target\classes started by zq in D:\software-coordinate02)
10:32:04.331 [main] INFO  c.o.c.CampusApplication - [logStartupProfileInfo,686] - The following 1 profile is active: "dev"
10:32:06.796 [main] INFO  o.a.c.h.Http11NioProtocol - [log,173] - Initializing ProtocolHandler ["http-nio-8160"]
10:32:06.797 [main] INFO  o.a.c.c.StandardService - [log,173] - Starting service [Tomcat]
10:32:06.797 [main] INFO  o.a.c.c.StandardEngine - [log,173] - Starting Servlet engine: [Apache Tomcat/9.0.63]
10:32:07.023 [main] INFO  o.a.c.c.C.[.[.[/] - [log,173] - Initializing Spring embedded WebApplicationContext
10:32:10.939 [main] INFO  c.z.h.HikariDataSource - [getConnection,110] - HikariPool-1 - Starting...
10:32:12.377 [main] INFO  c.z.h.HikariDataSource - [getConnection,123] - HikariPool-1 - Start completed.
10:32:17.388 [main] INFO  o.a.c.h.Http11NioProtocol - [log,173] - Starting ProtocolHandler ["http-nio-8160"]
10:32:17.533 [main] INFO  c.o.c.CampusApplication - [logStarted,61] - Started CampusApplication in 13.762 seconds (JVM running for 15.68)
10:35:50.115 [http-nio-8160-exec-1] INFO  o.a.c.c.C.[.[.[/] - [log,173] - Initializing Spring DispatcherServlet 'dispatcherServlet'
10:53:18.740 [SpringApplicationShutdownHook] INFO  c.z.h.HikariDataSource - [close,350] - HikariPool-1 - Shutdown initiated...
10:53:18.762 [SpringApplicationShutdownHook] INFO  c.z.h.HikariDataSource - [close,352] - HikariPool-1 - Shutdown completed.
10:53:23.586 [background-preinit] INFO  o.h.v.i.util.Version - [<clinit>,21] - HV000001: Hibernate Validator 6.2.3.Final
10:53:23.596 [main] INFO  c.o.c.CampusApplication - [logStarting,55] - Starting CampusApplication using Java 1.8.0_321 on LAPTOP-9U49TV7E with PID 21644 (D:\software-coordinate02\campus-example\campus-modular\target\classes started by zq in D:\software-coordinate02)
10:53:23.597 [main] INFO  c.o.c.CampusApplication - [logStartupProfileInfo,686] - The following 1 profile is active: "dev"
10:53:25.954 [main] INFO  o.a.c.h.Http11NioProtocol - [log,173] - Initializing ProtocolHandler ["http-nio-8160"]
10:53:25.955 [main] INFO  o.a.c.c.StandardService - [log,173] - Starting service [Tomcat]
10:53:25.955 [main] INFO  o.a.c.c.StandardEngine - [log,173] - Starting Servlet engine: [Apache Tomcat/9.0.63]
10:53:26.125 [main] INFO  o.a.c.c.C.[.[.[/] - [log,173] - Initializing Spring embedded WebApplicationContext
10:53:29.994 [main] INFO  c.z.h.HikariDataSource - [getConnection,110] - HikariPool-1 - Starting...
10:53:31.324 [main] INFO  c.z.h.HikariDataSource - [getConnection,123] - HikariPool-1 - Start completed.
10:53:36.093 [main] INFO  o.a.c.h.Http11NioProtocol - [log,173] - Starting ProtocolHandler ["http-nio-8160"]
10:53:36.187 [main] INFO  c.o.c.CampusApplication - [logStarted,61] - Started CampusApplication in 13.075 seconds (JVM running for 14.941)
10:55:03.772 [http-nio-8160-exec-2] INFO  o.a.c.c.C.[.[.[/] - [log,173] - Initializing Spring DispatcherServlet 'dispatcherServlet'
10:59:56.190 [schedule-pool-9] INFO  sys-user - [run,54] - [127.0.0.1]内网IP[2235062322][1902229019500953601][Logout][退出成功]
11:00:01.552 [schedule-pool-10] INFO  sys-user - [run,54] - [127.0.0.1]内网IP[2235062322][1902229019500953601][Success][登录成功]
13:09:18.160 [http-nio-8160-exec-3] INFO  o.a.c.h.Http11Processor - [log,175] - Error parsing HTTP request header
 Note: further occurrences of HTTP request parsing errors will be logged at DEBUG level.
java.lang.IllegalArgumentException: Invalid character found in method name [/0x0c0xa7D<0x080x80Rl0x7f0xf4a0xb60xaez0x900x990x17Tq0xc1[0x0ec0xf40xa80x960xf710xca0xce3A8Oq0xfd?0xd8L0x9e0xdf0xc50xf6G0x1f0xe00xd90xef0x7f0x070xc7N0xfa_0x7f[)U50x920xed0xeb0x0d0xc3BD0xa50xd40x970x800x08@0xd30xe10x83<0xf7?0xdf0xa5`L!0x970xbf0xf30x100xd10xc20xbe*gFI80x180xe40x150xc3M0x9fLRZ0xd90xc50xba_0xff0x940x8d0xf70xff0x0e0xa5R60xf80xd10x91l[o0x18.0x890xf8E0x00;0x11g0xcd0x0f0xee0xa20xad0xae0x8e0x15o0x892~z0xcb)0x0e0x1bu^0x060x830xd20xf1p0xc3G;10xcdN0x9e0xb90xeb0xbf80xbc>0x1dNTJ0x9dU0xfd0xaa0x870x9c0x88J0xa9T0xf70xc8=0xcf>0xc50x8e0xc70x1fc0xfc0x9c0xf10x9c{E0x0d0xb20xdf0xab0x8f0x9200x170x980xbc0xd00xe50xd2w0xc50x88570xb00xfa0xce/0xd1q0xa20xc10xff0xaaD)0xf50xfe0x91l[0x10CJD0xa50xd4x0xf40xb820xc4Z0x9ay0xfe0x87w#0x840xe00x820xb7&0x890x160xc40x860xf20xd20xa30xf0 ]. HTTP method names must be tokens
	at org.apache.coyote.http11.Http11InputBuffer.parseRequestLine(Http11InputBuffer.java:419)
	at org.apache.coyote.http11.Http11Processor.service(Http11Processor.java:271)
	at org.apache.coyote.AbstractProcessorLight.process(AbstractProcessorLight.java:65)
	at org.apache.coyote.AbstractProtocol$ConnectionHandler.process(AbstractProtocol.java:890)
	at org.apache.tomcat.util.net.NioEndpoint$SocketProcessor.doRun(NioEndpoint.java:1743)
	at org.apache.tomcat.util.net.SocketProcessorBase.run(SocketProcessorBase.java:49)
	at org.apache.tomcat.util.threads.ThreadPoolExecutor.runWorker(ThreadPoolExecutor.java:1191)
	at org.apache.tomcat.util.threads.ThreadPoolExecutor$Worker.run(ThreadPoolExecutor.java:659)
	at org.apache.tomcat.util.threads.TaskThread$WrappingRunnable.run(TaskThread.java:61)
	at java.lang.Thread.run(Thread.java:750)
