02:09:10.214 [SpringApplicationShutdownHook] INFO  c.z.h.HikariDataSource - [close,350] - HikariPool-1 - Shutdown initiated...
02:09:10.254 [SpringApplicationShutdownHook] INFO  c.z.h.HikariDataSource - [close,352] - HikariPool-1 - Shutdown completed.
14:08:29.877 [background-preinit] INFO  o.h.v.i.util.Version - [<clinit>,21] - HV000001: Hibernate Validator 6.2.3.Final
14:08:29.882 [main] INFO  c.o.c.CampusApplication - [logStarting,55] - Starting CampusApplication using Java 1.8.0_321 on LAPTOP-9U49TV7E with PID 28452 (D:\software-coordinate02\campus-example\campus-modular\target\classes started by zq in D:\software-coordinate02)
14:08:29.882 [main] INFO  c.o.c.CampusApplication - [logStartupProfileInfo,686] - The following 1 profile is active: "dev"
14:08:31.447 [main] INFO  o.a.c.h.Http11NioProtocol - [log,173] - Initializing ProtocolHandler ["http-nio-8160"]
14:08:31.448 [main] INFO  o.a.c.c.StandardService - [log,173] - Starting service [Tomcat]
14:08:31.448 [main] INFO  o.a.c.c.StandardEngine - [log,173] - Starting Servlet engine: [Apache Tomcat/9.0.63]
14:08:31.585 [main] INFO  o.a.c.c.C.[.[.[/] - [log,173] - Initializing Spring embedded WebApplicationContext
14:08:35.880 [main] INFO  c.z.h.HikariDataSource - [getConnection,110] - HikariPool-1 - Starting...
14:08:37.386 [main] INFO  c.z.h.HikariDataSource - [getConnection,123] - HikariPool-1 - Start completed.
14:08:41.298 [main] INFO  o.a.c.h.Http11NioProtocol - [log,173] - Starting ProtocolHandler ["http-nio-8160"]
14:08:41.371 [main] INFO  c.o.c.CampusApplication - [logStarted,61] - Started CampusApplication in 11.823 seconds (JVM running for 13.158)
14:18:39.397 [http-nio-8160-exec-8] INFO  o.a.c.c.C.[.[.[/] - [log,173] - Initializing Spring DispatcherServlet 'dispatcherServlet'
14:18:44.034 [schedule-pool-6] INFO  sys-user - [run,54] - [127.0.0.1]内网IP[2235062322][1902229019500953601][Success][登录成功]
14:50:32.136 [SpringApplicationShutdownHook] INFO  c.z.h.HikariDataSource - [close,350] - HikariPool-1 - Shutdown initiated...
14:50:32.149 [SpringApplicationShutdownHook] INFO  c.z.h.HikariDataSource - [close,352] - HikariPool-1 - Shutdown completed.
19:46:39.206 [background-preinit] INFO  o.h.v.i.util.Version - [<clinit>,21] - HV000001: Hibernate Validator 6.2.3.Final
19:46:39.210 [main] INFO  c.o.c.CampusApplication - [logStarting,55] - Starting CampusApplication using Java 1.8.0_321 on LAPTOP-9U49TV7E with PID 28320 (D:\software-coordinate02\campus-example\campus-modular\target\classes started by zq in D:\software-coordinate02)
19:46:39.211 [main] INFO  c.o.c.CampusApplication - [logStartupProfileInfo,686] - The following 1 profile is active: "dev"
19:46:41.019 [main] INFO  o.a.c.h.Http11NioProtocol - [log,173] - Initializing ProtocolHandler ["http-nio-8160"]
19:46:41.019 [main] INFO  o.a.c.c.StandardService - [log,173] - Starting service [Tomcat]
19:46:41.019 [main] INFO  o.a.c.c.StandardEngine - [log,173] - Starting Servlet engine: [Apache Tomcat/9.0.63]
19:46:41.154 [main] INFO  o.a.c.c.C.[.[.[/] - [log,173] - Initializing Spring embedded WebApplicationContext
19:46:45.245 [main] INFO  c.z.h.HikariDataSource - [getConnection,110] - HikariPool-1 - Starting...
19:46:46.355 [main] INFO  c.z.h.HikariDataSource - [getConnection,123] - HikariPool-1 - Start completed.
19:46:49.286 [main] INFO  o.a.c.h.Http11NioProtocol - [log,173] - Starting ProtocolHandler ["http-nio-8160"]
19:46:49.355 [main] INFO  c.o.c.CampusApplication - [logStarted,61] - Started CampusApplication in 10.507 seconds (JVM running for 11.96)
19:49:59.273 [http-nio-8160-exec-1] INFO  o.a.c.c.C.[.[.[/] - [log,173] - Initializing Spring DispatcherServlet 'dispatcherServlet'
19:50:06.175 [schedule-pool-2] INFO  sys-user - [run,54] - [127.0.0.1]内网IP[admin][1][Success][登录成功]
23:07:06.539 [SpringApplicationShutdownHook] INFO  c.z.h.HikariDataSource - [close,350] - HikariPool-1 - Shutdown initiated...
23:07:06.550 [SpringApplicationShutdownHook] INFO  c.z.h.HikariDataSource - [close,352] - HikariPool-1 - Shutdown completed.
